<?xml version="1.0" encoding="UTF-8"?>
<!-- Generated by org.testng.reporters.JUnitReportReporter -->
<testsuite hostname="DESKTOP-35QI2EL" failures="0" tests="1" name="Scratch_APISK05.ProjectFramework_APISK_05.AppTest" time="0.035" errors="0" timestamp="2025-01-27T21:15:21 IST" skipped="0">
  <testcase classname="Scratch_APISK05.ProjectFramework_APISK_05.AppTest" name="shouldAnswerWithTrue" time="0.035"/>
  <system-out/>
</testsuite> <!-- Scratch_APISK05.ProjectFramework_APISK_05.AppTest -->
